day: 17, month: 05, year: 2024, hour: 16, minute: 04
factor: ('humid', '58.2')
factor: ('lux', '54')
factor: ('temp', '27.8')
factor: ('humid', '58.1')
factor: ('lux', '54')
factor: ('temp', '27.8')
factor: ('humid', '58.0')
factor: ('lux', '54')
factor: ('temp', '27.8')
factor: ('humid', '58.0')
factor: ('lux', '52')
factor: ('temp', '27.8')
factor: ('humid', '58.0')
factor: ('lux', '52')
factor: ('temp', '27.8')
factor: ('humid', '58.7')
factor: ('lux', '45')
Data from server is updated
name: open_door	value: True
factor: ('temp', '27.8')
factor: ('humid', '58.8')
factor: ('lux', '44')
factor: ('temp', '27.8')
factor: ('humid', '58.8')
factor: ('lux', '46')
Data from server is updated
name: open_door	value: False
factor: ('temp', '27.8')
factor: ('humid', '58.7')
factor: ('lux', '38')
factor: ('temp', '27.8')
factor: ('humid', '58.7')
factor: ('lux', '43')
factor: ('temp', '27.8')
factor: ('humid', '58.6')
factor: ('lux', '42')
factor: ('temp', '27.8')
factor: ('humid', '58.6')
factor: ('lux', '39')
factor: ('temp', '27.8')
factor: ('humid', '58.4')
factor: ('lux', '54')
factor: ('temp', '27.8')
factor: ('humid', '58.3')
factor: ('lux', '54')
factor: ('temp', '27.8')
factor: ('humid', '59.5')
factor: ('lux', '54')
day: 17, month: 05, year: 2024, hour: 16, minute: 04
sending time
factor: ('temp', '27.8')
factor: ('humid', '59.4')
factor: ('lux', '55')
factor: ('temp', '27.8')
factor: ('humid', '59.3')
factor: ('lux', '54')
factor: ('temp', '27.8')
factor: ('humid', '59.1')
factor: ('lux', '55')
factor: ('temp', '27.8')
factor: ('humid', '58.9')
factor: ('lux', '55')
factor: ('temp', '27.8')
factor: ('humid', '58.7')
factor: ('lux', '55')
factor: ('temp', '27.8')
factor: ('humid', '58.5')
factor: ('lux', '56')
factor: ('temp', '27.8')
factor: ('humid', '58.5')
factor: ('lux', '56')
factor: ('temp', '27.8')
factor: ('humid', '59.6')
factor: ('lux', '55')
factor: ('temp', '27.8')
factor: ('humid', '59.6')
factor: ('lux', '53')
factor: ('temp', '27.8')
factor: ('humid', '59.1')
factor: ('lux', '53')
factor: ('temp', '27.8')
factor: ('humid', '58.8')
factor: ('lux', '54')
factor: ('temp', '27.8')
factor: ('humid', '58.7')
factor: ('lux', '53')
factor: ('temp', '27.8')
factor: ('humid', '58.6')
factor: ('lux', '53')
factor: ('temp', '27.8')
factor: ('humid', '58.6')
factor: ('lux', '53')
factor: ('temp', '27.8')
factor: ('humid', '58.5')
factor: ('lux', '54')
factor: ('temp', '27.8')
factor: ('humid', '58.4')
factor: ('lux', '53')
Data from server is updated
name: open_door	value: True
factor: ('temp', '27.8')
factor: ('humid', '58.3')
factor: ('lux', '56')
day: 17, month: 05, year: 2024, hour: 16, minute: 05
sending time
factor: ('temp', '27.8')
factor: ('humid', '58.3')
factor: ('lux', '53')
factor: ('temp', '27.8')
factor: ('humid', '59.1')
Data from server is updated
name: open_door	value: False
factor: ('lux', '55')
factor: ('temp', '27.8')
factor: ('humid', '59.1')
factor: ('lux', '52')
factor: ('temp', '27.8')
factor: ('humid', '58.7')
factor: ('lux', '55')
factor: ('temp', '27.8')
factor: ('humid', '58.5')
factor: ('lux', '52')
factor: ('temp', '27.8')
factor: ('humid', '58.4')
factor: ('lux', '54')
factor: ('temp', '27.8')
factor: ('humid', '58.4')
factor: ('lux', '52')
factor: ('temp', '27.8')
factor: ('humid', '58.3')
factor: ('lux', '56')
factor: ('temp', '27.8')
factor: ('humid', '58.3')
factor: ('lux', '57')
factor: ('temp', '27.8')
factor: ('humid', '58.3')
factor: ('lux', '57')
factor: ('temp', '27.8')
factor: ('humid', '58.3')
factor: ('lux', '55')
factor: ('temp', '27.8')
factor: ('humid', '58.2')
factor: ('lux', '57')
factor: ('temp', '27.8')
factor: ('humid', '58.4')
factor: ('lux', '57')
factor: ('temp', '27.8')
factor: ('humid', '58.4')
factor: ('lux', '57')
factor: ('temp', '27.8')
factor: ('humid', '58.4')
factor: ('lux', '57')
factor: ('temp', '27.8')
factor: ('humid', '58.3')
day: 17, month: 05, year: 2024, hour: 16, minute: 05
sending time
factor: ('lux', '57')
factor: ('temp', '27.8')
factor: ('humid', '58.2')
factor: ('lux', '57')
factor: ('temp', '27.8')
factor: ('humid', '58.2')
factor: ('lux', '57')
factor: ('temp', '27.8')
factor: ('humid', '58.2')
factor: ('lux', '57')
factor: ('temp', '27.8')
factor: ('humid', '58.2')
factor: ('lux', '57')
factor: ('temp', '27.7')
factor: ('humid', '58.1')
factor: ('lux', '57')
factor: ('temp', '27.8')
factor: ('humid', '58.2')
factor: ('lux', '57')
factor: ('temp', '27.7')
factor: ('humid', '58.2')
factor: ('lux', '56')
factor: ('temp', '27.7')
factor: ('humid', '58.2')
factor: ('lux', '57')
factor: ('temp', '27.7')
factor: ('humid', '58.2')
factor: ('lux', '57')
factor: ('temp', '27.7')
factor: ('humid', '58.1')
factor: ('lux', '57')
factor: ('temp', '27.7')
factor: ('humid', '58.2')
factor: ('lux', '57')
factor: ('temp', '27.7')
factor: ('humid', '58.5')
factor: ('lux', '57')
factor: ('temp', '27.7')
factor: ('humid', '58.4')
factor: ('lux', '52')
factor: ('temp', '27.7')
factor: ('humid', '61.3')
factor: ('lux', '57')
factor: ('temp', '27.7')
factor: ('humid', '60.7')
day: 17, month: 05, year: 2024, hour: 16, minute: 06
sending time
factor: ('lux', '57')
factor: ('temp', '27.7')
factor: ('humid', '60.1')
factor: ('lux', '56')
factor: ('temp', '27.7')
factor: ('humid', '59.7')
factor: ('lux', '55')
factor: ('temp', '27.7')
factor: ('humid', '59.2')
factor: ('lux', '55')
factor: ('temp', '27.7')
factor: ('humid', '59.0')
factor: ('lux', '53')
factor: ('temp', '27.7')
factor: ('humid', '58.9')
factor: ('lux', '53')
factor: ('temp', '27.7')
factor: ('humid', '58.8')
factor: ('lux', '54')
factor: ('temp', '27.7')
factor: ('humid', '58.8')
factor: ('lux', '36')
factor: ('temp', '27.7')
factor: ('humid', '58.8')
Data from server is updated
name: open_door	value: True
factor: ('lux', '46')
factor: ('temp', '27.7')
factor: ('humid', '58.7')
factor: ('lux', '54')
factor: ('temp', '27.7')
factor: ('humid', '58.9')
Data from server is updated
name: open_door	value: False
factor: ('lux', '54')
factor: ('temp', '27.7')
factor: ('humid', '59.8')
factor: ('lux', '56')
factor: ('temp', '27.7')
factor: ('humid', '59.6')
factor: ('lux', '56')
factor: ('temp', '27.7')
factor: ('humid', '59.3')
factor: ('lux', '53')
factor: ('temp', '27.7')
factor: ('humid', '59.3')
factor: ('lux', '52')
factor: ('temp', '27.7')
day: 17, month: 05, year: 2024, hour: 16, minute: 06
sending time
factor: ('humid', '59.1')
factor: ('lux', '51')
factor: ('temp', '27.7')
factor: ('humid', '59.0')
factor: ('lux', '53')
factor: ('temp', '27.7')
factor: ('humid', '58.8')
factor: ('lux', '53')
factor: ('temp', '27.7')
factor: ('humid', '58.9')
factor: ('lux', '53')
factor: ('temp', '27.7')
factor: ('humid', '59.2')
factor: ('lux', '50')
factor: ('temp', '27.7')
factor: ('humid', '59.4')
factor: ('lux', '50')
factor: ('temp', '27.7')
factor: ('humid', '59.2')
factor: ('lux', '50')
factor: ('temp', '27.7')
factor: ('humid', '59.1')
factor: ('lux', '49')
factor: ('temp', '27.7')
factor: ('humid', '59.1')
factor: ('lux', '50')
factor: ('temp', '27.7')
factor: ('humid', '59.0')
factor: ('lux', '52')
factor: ('temp', '27.7')
factor: ('humid', '59.0')
factor: ('lux', '55')
factor: ('temp', '27.7')
factor: ('humid', '58.9')
factor: ('lux', '58')
factor: ('temp', '27.7')
factor: ('humid', '58.9')
factor: ('lux', '58')
factor: ('temp', '27.7')
factor: ('humid', '59.0')
factor: ('lux', '58')
factor: ('temp', '27.7')
day: 17, month: 05, year: 2024, hour: 16, minute: 07
sending time
factor: ('humid', '59.2')
factor: ('lux', '58')
factor: ('temp', '27.7')
factor: ('humid', '59.3')
factor: ('lux', '57')
factor: ('temp', '27.7')
factor: ('humid', '59.2')
factor: ('lux', '56')
factor: ('temp', '27.7')
factor: ('humid', '59.0')
factor: ('lux', '58')
factor: ('temp', '27.7')
factor: ('humid', '59.0')
factor: ('lux', '58')
factor: ('temp', '27.7')
factor: ('humid', '58.9')
factor: ('lux', '58')
factor: ('temp', '27.7')
factor: ('humid', '58.9')
factor: ('lux', '58')
factor: ('temp', '27.7')
factor: ('humid', '58.9')
factor: ('lux', '58')
factor: ('temp', '27.7')
factor: ('humid', '58.9')
factor: ('lux', '58')
factor: ('temp', '27.7')
factor: ('humid', '58.9')
factor: ('lux', '58')
factor: ('temp', '27.7')
factor: ('humid', '58.8')
factor: ('lux', '58')
factor: ('temp', '27.7')
factor: ('humid', '58.7')
factor: ('lux', '58')
factor: ('temp', '27.7')
day: 17, month: 05, year: 2024, hour: 16, minute: 07
sending time
factor: ('humid', '58.7')
factor: ('lux', '58')
factor: ('temp', '27.7')
factor: ('humid', '58.7')
factor: ('lux', '58')
factor: ('temp', '27.7')
factor: ('humid', '58.7')
factor: ('lux', '58')
factor: ('temp', '27.7')
factor: ('humid', '58.7')
factor: ('lux', '58')
factor: ('temp', '27.7')
factor: ('humid', '58.8')
factor: ('lux', '58')
factor: ('temp', '27.7')
factor: ('humid', '58.8')
factor: ('lux', '58')
factor: ('temp', '27.6')
factor: ('humid', '58.8')
factor: ('lux', '58')
factor: ('temp', '27.6')
factor: ('humid', '58.9')
factor: ('lux', '58')
factor: ('temp', '27.6')
factor: ('humid', '58.9')
factor: ('lux', '58')
factor: ('temp', '27.6')
factor: ('humid', '58.9')
factor: ('lux', '58')
factor: ('temp', '27.7')
factor: ('humid', '58.9')
factor: ('lux', '58')
factor: ('temp', '27.6')
factor: ('humid', '58.8')
factor: ('lux', '58')
factor: ('temp', '27.6')
factor: ('humid', '58.8')
factor: ('lux', '58')
day: 17, month: 05, year: 2024, hour: 16, minute: 08
sending time
factor: ('temp', '27.6')
factor: ('humid', '58.8')
factor: ('lux', '58')
factor: ('temp', '27.6')
factor: ('humid', '58.9')
factor: ('lux', '58')
factor: ('temp', '27.6')
factor: ('humid', '58.9')
factor: ('lux', '57')
factor: ('temp', '27.6')
factor: ('humid', '59.0')
factor: ('lux', '57')
factor: ('temp', '27.6')
factor: ('humid', '59.1')
factor: ('lux', '57')
factor: ('temp', '27.6')
factor: ('humid', '59.0')
factor: ('lux', '58')
factor: ('temp', '27.6')
factor: ('humid', '59.0')
factor: ('lux', '57')
factor: ('temp', '27.6')
factor: ('humid', '59.0')
factor: ('lux', '58')
factor: ('temp', '27.6')
factor: ('humid', '59.1')
factor: ('lux', '58')
factor: ('temp', '27.6')
factor: ('humid', '59.2')
factor: ('lux', '58')
factor: ('temp', '27.6')
factor: ('humid', '59.4')
factor: ('lux', '58')
factor: ('temp', '27.6')
factor: ('humid', '59.4')
factor: ('lux', '57')
factor: ('temp', '27.6')
factor: ('humid', '59.3')
factor: ('lux', '57')
day: 17, month: 05, year: 2024, hour: 16, minute: 08
sending time
factor: ('temp', '27.6')
factor: ('humid', '59.3')
factor: ('lux', '57')
factor: ('temp', '27.6')
factor: ('humid', '59.3')
factor: ('lux', '58')
factor: ('temp', '27.6')
factor: ('humid', '59.3')
factor: ('lux', '58')
factor: ('temp', '27.6')
factor: ('humid', '59.3')
factor: ('lux', '57')
factor: ('temp', '27.6')
factor: ('humid', '59.3')
factor: ('lux', '58')
factor: ('temp', '27.6')
factor: ('humid', '59.4')
factor: ('lux', '57')
factor: ('temp', '27.6')
factor: ('humid', '59.4')
factor: ('lux', '57')
factor: ('temp', '27.6')
factor: ('humid', '59.3')
factor: ('lux', '58')
factor: ('temp', '27.6')
factor: ('humid', '59.2')
factor: ('lux', '57')
factor: ('temp', '27.6')
factor: ('humid', '59.1')
factor: ('lux', '57')
factor: ('temp', '27.6')
factor: ('humid', '59.1')
factor: ('lux', '58')
factor: ('temp', '27.6')
factor: ('humid', '59.0')
factor: ('lux', '57')
factor: ('temp', '27.6')
factor: ('humid', '59.0')
factor: ('lux', '57')
factor: ('temp', '27.6')
factor: ('humid', '59.1')
factor: ('lux', '58')
day: 17, month: 05, year: 2024, hour: 16, minute: 09
sending time
factor: ('temp', '27.6')
factor: ('humid', '59.1')
factor: ('lux', '57')
factor: ('temp', '27.6')
factor: ('humid', '59.1')
factor: ('lux', '57')
factor: ('temp', '27.6')
factor: ('humid', '59.1')
factor: ('lux', '57')
factor: ('temp', '27.6')
factor: ('humid', '59.1')
factor: ('lux', '58')
factor: ('temp', '27.6')
factor: ('humid', '59.2')
factor: ('lux', '57')
factor: ('temp', '27.6')
factor: ('humid', '59.3')
factor: ('lux', '57')
factor: ('temp', '27.6')
factor: ('humid', '59.3')
factor: ('lux', '57')
factor: ('temp', '27.6')
factor: ('humid', '59.3')
factor: ('lux', '57')
factor: ('temp', '27.6')
factor: ('humid', '59.2')
factor: ('lux', '58')
factor: ('temp', '27.6')
factor: ('humid', '59.3')
factor: ('lux', '58')
factor: ('temp', '27.5')
factor: ('humid', '59.2')
factor: ('lux', '58')
factor: ('temp', '27.6')
factor: ('humid', '59.2')
factor: ('lux', '57')
factor: ('temp', '27.6')
factor: ('humid', '59.2')
factor: ('lux', '57')
factor: ('temp', '27.5')
factor: ('humid', '59.2')
day: 17, month: 05, year: 2024, hour: 16, minute: 09
sending time
factor: ('lux', '58')
factor: ('temp', '27.5')
factor: ('humid', '59.2')
factor: ('lux', '57')
factor: ('temp', '27.5')
factor: ('humid', '59.3')
factor: ('lux', '57')
factor: ('temp', '27.6')
factor: ('humid', '59.3')
factor: ('lux', '57')
factor: ('temp', '27.5')
factor: ('humid', '59.2')
factor: ('lux', '57')
factor: ('temp', '27.5')
factor: ('humid', '59.2')
factor: ('lux', '57')
factor: ('temp', '27.5')
factor: ('humid', '59.2')
factor: ('lux', '57')
factor: ('temp', '27.5')
factor: ('humid', '59.2')
factor: ('lux', '58')
factor: ('temp', '27.5')
factor: ('humid', '59.2')
factor: ('lux', '58')
factor: ('temp', '27.5')
factor: ('humid', '59.3')
factor: ('lux', '58')
factor: ('temp', '27.5')
factor: ('humid', '59.5')
factor: ('lux', '58')
factor: ('temp', '27.5')
factor: ('humid', '59.6')
factor: ('lux', '58')
factor: ('temp', '27.5')
factor: ('humid', '59.7')
factor: ('lux', '58')
factor: ('temp', '27.6')
factor: ('humid', '59.7')
factor: ('lux', '58')
factor: ('temp', '27.5')
factor: ('humid', '59.8')
factor: ('lux', '58')
factor: ('temp', '27.5')
factor: ('humid', '60.1')
factor: ('lux', '58')
factor: ('temp', '27.5')
day: 17, month: 05, year: 2024, hour: 16, minute: 10
sending time
factor: ('humid', '60.2')
factor: ('lux', '58')
factor: ('temp', '27.5')
factor: ('humid', '60.2')
factor: ('lux', '58')
factor: ('temp', '27.5')
factor: ('humid', '60.4')
factor: ('lux', '58')
factor: ('temp', '27.5')
factor: ('humid', '60.6')
factor: ('lux', '58')
factor: ('temp', '27.5')
factor: ('humid', '60.7')
factor: ('lux', '58')
factor: ('temp', '27.5')
factor: ('humid', '60.7')
factor: ('lux', '58')
factor: ('temp', '27.5')
factor: ('humid', '60.6')
factor: ('lux', '58')
factor: ('temp', '27.5')
factor: ('humid', '60.6')
factor: ('lux', '58')
factor: ('temp', '27.5')
factor: ('humid', '60.5')
factor: ('lux', '58')
factor: ('temp', '27.5')
factor: ('humid', '60.3')
factor: ('lux', '58')
factor: ('temp', '27.5')
factor: ('humid', '60.3')
factor: ('lux', '58')
factor: ('temp', '27.5')
factor: ('humid', '60.2')
factor: ('lux', '58')
factor: ('temp', '27.5')
factor: ('humid', '60.0')
factor: ('lux', '58')
day: 17, month: 05, year: 2024, hour: 16, minute: 10
sending time
factor: ('temp', '27.5')
factor: ('humid', '60.0')
factor: ('lux', '58')
factor: ('temp', '27.5')
factor: ('humid', '60.0')
factor: ('lux', '58')
factor: ('temp', '27.5')
factor: ('humid', '60.0')
factor: ('lux', '58')
factor: ('temp', '27.5')
factor: ('humid', '60.0')
factor: ('lux', '58')
factor: ('temp', '27.5')
factor: ('humid', '59.9')
factor: ('lux', '58')
factor: ('temp', '27.5')
factor: ('humid', '59.9')
factor: ('lux', '58')
factor: ('temp', '27.5')
factor: ('humid', '59.9')
factor: ('lux', '58')
factor: ('temp', '27.5')
factor: ('humid', '59.8')
factor: ('lux', '57')
factor: ('temp', '27.5')
factor: ('humid', '59.8')
factor: ('lux', '58')
factor: ('temp', '27.5')
factor: ('humid', '59.8')
factor: ('lux', '58')
factor: ('temp', '27.5')
factor: ('humid', '59.8')
factor: ('lux', '58')
factor: ('temp', '27.5')
factor: ('humid', '59.9')
day: 17, month: 05, year: 2024, hour: 16, minute: 11
sending time
factor: ('lux', '58')
factor: ('temp', '27.5')
factor: ('humid', '59.8')
factor: ('lux', '58')
factor: ('temp', '27.5')
factor: ('humid', '59.8')
factor: ('lux', '58')
factor: ('temp', '27.5')
factor: ('humid', '60.0')
factor: ('lux', '58')
factor: ('temp', '27.5')
factor: ('humid', '60.1')
factor: ('lux', '57')
factor: ('temp', '27.5')
factor: ('humid', '60.2')
factor: ('lux', '58')
factor: ('temp', '27.5')
factor: ('humid', '60.2')
factor: ('lux', '58')
factor: ('temp', '27.5')
factor: ('humid', '60.3')
factor: ('lux', '57')
factor: ('temp', '27.5')
factor: ('humid', '60.2')
factor: ('lux', '57')
factor: ('temp', '27.5')
factor: ('humid', '60.2')
factor: ('lux', '58')
factor: ('temp', '27.5')
factor: ('humid', '60.0')
factor: ('lux', '58')
factor: ('temp', '27.5')
factor: ('humid', '59.9')
factor: ('lux', '58')
factor: ('temp', '27.5')
day: 17, month: 05, year: 2024, hour: 16, minute: 11
sending time
factor: ('humid', '59.8')
factor: ('lux', '58')
factor: ('temp', '27.5')
factor: ('humid', '59.7')
factor: ('lux', '58')
factor: ('temp', '27.5')
factor: ('humid', '59.6')
factor: ('lux', '58')
factor: ('temp', '27.5')
factor: ('humid', '59.5')
factor: ('lux', '58')
factor: ('temp', '27.5')
factor: ('humid', '59.6')
factor: ('lux', '57')
factor: ('temp', '27.5')
factor: ('humid', '59.8')
factor: ('lux', '57')
factor: ('temp', '27.5')
factor: ('humid', '60.0')
factor: ('lux', '57')
factor: ('temp', '27.5')
factor: ('humid', '60.1')
factor: ('lux', '47')
factor: ('temp', '27.5')
factor: ('humid', '60.2')
factor: ('lux', '52')
factor: ('temp', '27.5')
factor: ('humid', '60.1')
factor: ('lux', '50')
factor: ('temp', '27.5')
factor: ('humid', '60.0')
factor: ('lux', '48')
factor: ('temp', '27.5')
factor: ('humid', '60.0')
factor: ('lux', '58')
factor: ('temp', '27.5')
factor: ('humid', '59.8')
day: 17, month: 05, year: 2024, hour: 16, minute: 12
sending time
factor: ('lux', '57')
factor: ('temp', '27.5')
factor: ('humid', '59.6')
factor: ('lux', '57')
factor: ('temp', '27.5')
factor: ('humid', '59.4')
factor: ('lux', '58')
factor: ('temp', '27.5')
factor: ('humid', '59.6')
factor: ('lux', '57')
factor: ('temp', '27.5')
factor: ('humid', '59.7')
factor: ('lux', '57')
factor: ('temp', '27.5')
factor: ('humid', '59.7')
factor: ('lux', '57')
factor: ('temp', '27.5')
factor: ('humid', '59.7')
factor: ('lux', '58')
factor: ('temp', '27.5')
factor: ('humid', '59.7')
factor: ('lux', '58')
factor: ('temp', '27.5')
factor: ('humid', '59.7')
factor: ('lux', '57')
factor: ('temp', '27.5')
factor: ('humid', '59.6')
factor: ('lux', '57')
factor: ('temp', '27.5')
factor: ('humid', '59.7')
factor: ('lux', '58')
factor: ('temp', '27.5')
factor: ('humid', '59.7')
factor: ('lux', '57')
factor: ('temp', '27.5')
factor: ('humid', '59.6')
factor: ('lux', '57')
factor: ('temp', '27.5')
factor: ('humid', '59.6')
factor: ('lux', '57')
factor: ('temp', '27.5')
factor: ('humid', '59.5')
factor: ('lux', '57')
factor: ('temp', '27.5')
day: 17, month: 05, year: 2024, hour: 16, minute: 12
sending time
factor: ('humid', '59.5')
factor: ('lux', '57')
factor: ('temp', '27.5')
factor: ('humid', '59.5')
factor: ('lux', '57')
factor: ('temp', '27.5')
factor: ('humid', '59.5')
factor: ('lux', '57')
factor: ('temp', '27.5')
factor: ('humid', '59.5')
factor: ('lux', '57')
factor: ('temp', '27.5')
factor: ('humid', '59.5')
factor: ('lux', '57')
factor: ('temp', '27.5')
factor: ('humid', '59.5')
factor: ('lux', '57')
factor: ('temp', '27.5')
factor: ('humid', '59.5')
factor: ('lux', '57')
factor: ('temp', '27.5')
factor: ('humid', '59.6')
factor: ('lux', '57')
factor: ('temp', '27.5')
factor: ('humid', '59.8')
factor: ('lux', '57')
factor: ('temp', '27.5')
factor: ('humid', '59.9')
factor: ('lux', '57')
factor: ('temp', '27.5')
factor: ('humid', '59.9')
factor: ('lux', '57')
factor: ('temp', '27.5')
factor: ('humid', '59.8')
factor: ('lux', '57')
factor: ('temp', '27.5')
factor: ('humid', '59.7')
day: 17, month: 05, year: 2024, hour: 16, minute: 13
sending time
factor: ('lux', '57')
factor: ('temp', '27.5')
factor: ('humid', '59.7')
factor: ('lux', '57')
factor: ('temp', '27.5')
factor: ('humid', '59.7')
factor: ('lux', '57')
factor: ('temp', '27.5')
factor: ('humid', '59.7')
factor: ('lux', '57')
factor: ('temp', '27.5')
factor: ('humid', '59.7')
factor: ('lux', '57')
factor: ('temp', '27.5')
factor: ('humid', '59.8')
factor: ('lux', '57')
factor: ('temp', '27.5')
factor: ('humid', '59.8')
factor: ('lux', '57')
factor: ('temp', '27.5')
factor: ('humid', '59.9')
factor: ('lux', '57')
factor: ('temp', '27.5')
factor: ('humid', '60.0')
factor: ('lux', '57')
factor: ('temp', '27.5')
factor: ('humid', '60.0')
factor: ('lux', '57')
factor: ('temp', '27.5')
factor: ('humid', '60.1')
factor: ('lux', '57')
factor: ('temp', '27.5')
factor: ('humid', '60.1')
factor: ('lux', '57')
factor: ('temp', '27.5')
factor: ('humid', '60.2')
factor: ('lux', '57')
factor: ('temp', '27.5')
day: 17, month: 05, year: 2024, hour: 16, minute: 13
sending time
factor: ('humid', '60.2')
factor: ('lux', '57')
factor: ('temp', '27.5')
factor: ('humid', '60.1')
factor: ('lux', '57')
factor: ('temp', '27.5')
factor: ('humid', '60.1')
factor: ('lux', '57')
factor: ('temp', '27.5')
factor: ('humid', '60.2')
factor: ('lux', '57')
factor: ('temp', '27.5')
factor: ('humid', '60.1')
factor: ('lux', '57')
factor: ('temp', '27.5')
factor: ('humid', '60.1')
factor: ('lux', '57')
factor: ('temp', '27.5')
factor: ('humid', '60.0')
factor: ('lux', '57')
factor: ('temp', '27.5')
factor: ('humid', '59.9')
factor: ('lux', '57')
factor: ('temp', '27.5')
factor: ('humid', '59.9')
factor: ('lux', '57')
factor: ('temp', '27.5')
factor: ('humid', '59.9')
factor: ('lux', '57')
factor: ('temp', '27.5')
factor: ('humid', '59.9')
factor: ('lux', '57')
factor: ('temp', '27.5')
factor: ('humid', '59.9')
factor: ('lux', '57')
factor: ('temp', '27.5')
factor: ('humid', '59.9')
factor: ('lux', '57')
day: 17, month: 05, year: 2024, hour: 16, minute: 14
sending time
factor: ('temp', '27.5')
factor: ('humid', '60.0')
factor: ('lux', '57')
factor: ('temp', '27.5')
factor: ('humid', '60.1')
factor: ('lux', '57')
factor: ('temp', '27.5')
factor: ('humid', '60.2')
factor: ('lux', '57')
factor: ('temp', '27.5')
factor: ('humid', '60.2')
factor: ('lux', '57')
factor: ('temp', '27.5')
factor: ('humid', '60.2')
factor: ('lux', '57')
factor: ('temp', '27.5')
factor: ('humid', '60.3')
factor: ('lux', '57')
factor: ('temp', '27.5')
factor: ('humid', '60.4')
factor: ('lux', '57')
factor: ('temp', '27.5')
factor: ('humid', '60.4')
factor: ('lux', '57')
factor: ('temp', '27.5')
factor: ('humid', '60.6')
factor: ('lux', '57')
factor: ('temp', '27.5')
factor: ('humid', '60.6')
factor: ('lux', '58')
factor: ('temp', '27.5')
factor: ('humid', '60.5')
factor: ('lux', '57')
factor: ('temp', '27.5')
factor: ('humid', '60.4')
factor: ('lux', '57')
factor: ('temp', '27.5')
factor: ('humid', '60.4')
factor: ('lux', '57')
factor: ('temp', '27.5')
factor: ('humid', '60.5')
day: 17, month: 05, year: 2024, hour: 16, minute: 14
sending time
factor: ('lux', '57')
factor: ('temp', '27.5')
factor: ('humid', '60.4')
factor: ('lux', '57')
factor: ('temp', '27.5')
factor: ('humid', '60.3')
factor: ('lux', '57')
factor: ('temp', '27.5')
factor: ('humid', '60.1')
factor: ('lux', '57')
factor: ('temp', '27.5')
factor: ('humid', '60.1')
factor: ('lux', '57')
factor: ('temp', '27.5')
factor: ('humid', '60.0')
factor: ('lux', '55')
factor: ('temp', '27.5')
factor: ('humid', '60.0')
factor: ('lux', '53')
factor: ('temp', '27.5')
factor: ('humid', '60.0')
factor: ('lux', '53')
factor: ('temp', '27.5')
factor: ('humid', '60.1')
factor: ('lux', '53')
factor: ('temp', '27.5')
factor: ('humid', '60.1')
factor: ('lux', '53')
factor: ('temp', '27.5')
factor: ('humid', '60.2')
factor: ('lux', '52')
factor: ('temp', '27.5')
factor: ('humid', '60.3')
factor: ('lux', '54')
factor: ('temp', '27.5')
factor: ('humid', '60.4')
day: 17, month: 05, year: 2024, hour: 16, minute: 15
sending time
factor: ('lux', '51')
factor: ('temp', '27.5')
factor: ('humid', '60.4')
factor: ('lux', '51')
factor: ('temp', '27.5')
factor: ('humid', '60.3')
factor: ('lux', '51')
factor: ('temp', '27.5')
factor: ('humid', '60.6')
factor: ('lux', '55')
factor: ('temp', '27.5')
factor: ('humid', '60.6')
factor: ('lux', '56')
factor: ('temp', '27.5')
factor: ('humid', '60.5')
factor: ('lux', '56')
factor: ('temp', '27.5')
factor: ('humid', '60.4')
factor: ('lux', '55')
factor: ('temp', '27.5')
factor: ('humid', '60.3')
factor: ('lux', '54')
factor: ('temp', '27.5')
factor: ('humid', '60.2')
factor: ('lux', '54')
factor: ('temp', '27.5')
factor: ('humid', '60.2')
factor: ('lux', '53')
factor: ('temp', '27.5')
factor: ('humid', '60.1')
factor: ('lux', '55')
factor: ('temp', '27.5')
factor: ('humid', '60.1')
factor: ('lux', '55')
factor: ('temp', '27.5')
factor: ('humid', '60.0')
factor: ('lux', '54')
factor: ('temp', '27.5')
factor: ('humid', '60.0')
factor: ('lux', '35')
factor: ('temp', '27.5')
factor: ('humid', '60.2')
day: 17, month: 05, year: 2024, hour: 16, minute: 15
sending time
factor: ('lux', '35')
factor: ('temp', '27.5')
factor: ('humid', '60.1')
factor: ('lux', '35')
factor: ('temp', '27.5')
factor: ('humid', '60.1')
factor: ('lux', '35')
factor: ('temp', '27.5')
factor: ('humid', '60.1')
factor: ('lux', '35')
factor: ('temp', '27.5')
factor: ('humid', '60.1')
factor: ('lux', '35')
factor: ('temp', '27.5')
factor: ('humid', '60.1')
factor: ('lux', '35')
factor: ('temp', '27.5')
factor: ('humid', '60.0')
factor: ('lux', '34')
factor: ('temp', '27.5')
factor: ('humid', '60.9')
factor: ('lux', '35')
factor: ('temp', '27.6')
factor: ('humid', '64.0')
factor: ('lux', '34')
factor: ('temp', '27.6')
factor: ('humid', '62.8')
factor: ('lux', '36')
factor: ('temp', '27.6')
factor: ('humid', '61.9')
factor: ('lux', '36')
factor: ('temp', '27.6')
factor: ('humid', '62.9')
factor: ('lux', '35')
factor: ('temp', '27.6')
factor: ('humid', '62.7')
factor: ('lux', '36')
factor: ('temp', '27.6')
factor: ('humid', '62.0')
factor: ('lux', '37')
factor: ('temp', '27.6')
factor: ('humid', '61.5')
day: 17, month: 05, year: 2024, hour: 16, minute: 16
sending time
factor: ('lux', '35')
factor: ('temp', '27.6')
factor: ('humid', '61.0')
factor: ('lux', '40')
factor: ('temp', '27.6')
factor: ('humid', '60.7')
factor: ('lux', '38')
factor: ('temp', '27.6')
factor: ('humid', '60.8')
factor: ('lux', '41')
factor: ('temp', '27.6')
factor: ('humid', '61.1')
factor: ('lux', '39')
factor: ('temp', '27.6')
factor: ('humid', '61.1')
factor: ('lux', '38')
factor: ('temp', '27.6')
factor: ('humid', '61.0')
factor: ('lux', '37')
factor: ('temp', '27.6')
factor: ('humid', '60.7')
factor: ('lux', '37')
factor: ('temp', '27.6')
factor: ('humid', '60.6')
factor: ('lux', '37')
factor: ('temp', '27.6')
factor: ('humid', '60.5')
factor: ('lux', '36')
factor: ('temp', '27.7')
factor: ('humid', '60.4')
factor: ('lux', '37')
factor: ('temp', '27.7')
factor: ('humid', '60.5')
factor: ('lux', '42')
factor: ('temp', '27.7')
factor: ('humid', '60.3')
factor: ('lux', '42')
factor: ('temp', '27.7')
factor: ('humid', '60.1')
day: 17, month: 05, year: 2024, hour: 16, minute: 16
sending time
factor: ('lux', '35')
factor: ('temp', '27.7')
factor: ('humid', '60.0')
factor: ('lux', '44')
factor: ('temp', '27.7')
factor: ('humid', '59.9')
factor: ('lux', '50')
factor: ('temp', '27.7')
factor: ('humid', '59.9')
factor: ('lux', '39')
factor: ('temp', '27.7')
factor: ('humid', '59.9')
factor: ('lux', '38')
factor: ('temp', '27.7')
factor: ('humid', '59.9')
factor: ('lux', '40')
factor: ('temp', '27.7')
factor: ('humid', '59.9')
factor: ('lux', '42')
factor: ('temp', '27.7')
factor: ('humid', '59.8')
factor: ('lux', '44')
factor: ('temp', '27.7')
factor: ('humid', '59.7')
factor: ('lux', '45')
factor: ('temp', '27.7')
factor: ('humid', '59.7')
factor: ('lux', '40')
factor: ('temp', '27.7')
factor: ('humid', '59.7')
factor: ('lux', '43')
factor: ('temp', '27.7')
factor: ('humid', '59.6')
factor: ('lux', '41')
factor: ('temp', '27.7')
factor: ('humid', '59.6')
factor: ('lux', '43')
factor: ('temp', '27.8')
factor: ('humid', '59.5')
factor: ('lux', '43')
factor: ('temp', '27.8')
factor: ('humid', '59.5')
day: 17, month: 05, year: 2024, hour: 16, minute: 17
sending time
factor: ('lux', '43')
factor: ('temp', '27.8')
factor: ('humid', '59.4')
factor: ('lux', '44')
factor: ('temp', '27.8')
factor: ('humid', '59.5')
factor: ('lux', '40')
factor: ('temp', '27.8')
factor: ('humid', '59.4')
factor: ('lux', '41')
factor: ('temp', '27.8')
factor: ('humid', '59.4')
factor: ('lux', '44')
factor: ('temp', '27.8')
factor: ('humid', '59.5')
factor: ('lux', '43')
factor: ('temp', '27.8')
factor: ('humid', '59.6')
factor: ('lux', '42')
factor: ('temp', '27.8')
factor: ('humid', '60.0')
factor: ('lux', '37')
factor: ('temp', '27.8')
factor: ('humid', '60.0')
factor: ('lux', '36')
factor: ('temp', '27.8')
factor: ('humid', '60.0')
factor: ('lux', '35')
factor: ('temp', '27.8')
factor: ('humid', '60.1')
factor: ('lux', '37')
factor: ('temp', '27.8')
factor: ('humid', '59.8')
factor: ('lux', '34')
factor: ('temp', '27.8')
factor: ('humid', '59.6')
factor: ('lux', '40')
factor: ('temp', '27.8')
factor: ('humid', '59.5')
factor: ('lux', '40')
day: 17, month: 05, year: 2024, hour: 16, minute: 17
sending time
factor: ('temp', '27.8')
factor: ('humid', '59.6')
factor: ('lux', '53')
factor: ('temp', '27.8')
factor: ('humid', '59.4')
factor: ('lux', '50')
factor: ('temp', '27.8')
factor: ('humid', '59.3')
factor: ('lux', '50')
factor: ('temp', '27.8')
factor: ('humid', '59.5')
factor: ('lux', '52')
factor: ('temp', '27.8')
factor: ('humid', '59.6')
factor: ('lux', '51')
factor: ('temp', '27.9')
factor: ('humid', '59.6')
factor: ('lux', '49')
factor: ('temp', '27.9')
factor: ('humid', '59.5')
factor: ('lux', '47')
factor: ('temp', '27.9')
factor: ('humid', '59.5')
factor: ('lux', '55')
factor: ('temp', '27.9')
factor: ('humid', '59.7')
factor: ('lux', '56')
factor: ('temp', '27.9')
factor: ('humid', '59.6')
factor: ('lux', '57')
factor: ('temp', '27.9')
factor: ('humid', '59.4')
factor: ('lux', '57')
factor: ('temp', '27.9')
factor: ('humid', '59.2')
factor: ('lux', '57')
factor: ('temp', '27.9')
factor: ('humid', '59.1')
factor: ('lux', '57')
factor: ('temp', '27.9')
day: 17, month: 05, year: 2024, hour: 16, minute: 18
sending time
factor: ('humid', '59.1')
factor: ('lux', '57')
factor: ('temp', '27.9')
factor: ('humid', '59.1')
factor: ('lux', '57')
factor: ('temp', '27.9')
factor: ('humid', '59.1')
factor: ('lux', '57')
factor: ('temp', '27.9')
factor: ('humid', '59.1')
factor: ('lux', '57')
factor: ('temp', '27.9')
factor: ('humid', '59.2')
factor: ('lux', '57')
factor: ('temp', '27.8')
factor: ('humid', '59.1')
factor: ('lux', '57')
factor: ('temp', '27.8')
factor: ('humid', '59.1')
factor: ('lux', '57')
factor: ('temp', '27.8')
factor: ('humid', '59.1')
factor: ('lux', '57')
factor: ('temp', '27.8')
factor: ('humid', '59.1')
factor: ('lux', '55')
factor: ('temp', '27.8')
factor: ('humid', '59.1')
factor: ('lux', '55')
factor: ('temp', '27.8')
factor: ('humid', '59.2')
factor: ('lux', '55')
factor: ('temp', '27.8')
factor: ('humid', '59.2')
factor: ('lux', '55')
factor: ('temp', '27.8')
day: 17, month: 05, year: 2024, hour: 16, minute: 18
sending time
factor: ('humid', '59.2')
factor: ('lux', '55')
factor: ('temp', '27.8')
factor: ('humid', '59.2')
factor: ('lux', '55')
factor: ('temp', '27.8')
factor: ('humid', '59.3')
factor: ('lux', '56')
factor: ('temp', '27.8')
factor: ('humid', '59.3')
factor: ('lux', '57')
factor: ('temp', '27.8')
factor: ('humid', '59.4')
factor: ('lux', '57')
factor: ('temp', '27.8')
factor: ('humid', '59.5')
factor: ('lux', '57')
factor: ('temp', '27.8')
factor: ('humid', '59.5')
factor: ('lux', '57')
factor: ('temp', '27.8')
factor: ('humid', '59.6')
factor: ('lux', '57')
factor: ('temp', '27.8')
factor: ('humid', '59.7')
factor: ('lux', '57')
factor: ('temp', '27.8')
factor: ('humid', '59.7')
factor: ('lux', '57')
factor: ('temp', '27.7')
factor: ('humid', '59.7')
factor: ('lux', '57')
factor: ('temp', '27.7')
factor: ('humid', '59.7')
factor: ('lux', '57')
day: 17, month: 05, year: 2024, hour: 16, minute: 19
sending time
factor: ('temp', '27.8')
factor: ('humid', '59.7')
factor: ('lux', '57')
factor: ('temp', '27.7')
factor: ('humid', '59.6')
factor: ('lux', '57')
factor: ('temp', '27.7')
factor: ('humid', '59.6')
factor: ('lux', '57')
factor: ('temp', '27.7')
factor: ('humid', '59.7')
factor: ('lux', '57')
factor: ('temp', '27.7')
factor: ('humid', '59.7')
factor: ('lux', '57')
factor: ('temp', '27.7')
factor: ('humid', '59.7')
factor: ('lux', '57')
factor: ('temp', '27.7')
factor: ('humid', '59.7')
factor: ('lux', '57')
factor: ('temp', '27.7')
factor: ('humid', '59.6')
factor: ('lux', '57')
factor: ('temp', '27.7')
factor: ('humid', '59.6')
factor: ('lux', '57')
factor: ('temp', '27.7')
factor: ('humid', '59.6')
factor: ('lux', '57')
factor: ('temp', '27.7')
factor: ('humid', '59.6')
factor: ('lux', '57')
factor: ('temp', '27.7')
factor: ('humid', '59.5')
factor: ('lux', '57')
factor: ('temp', '27.7')
factor: ('humid', '59.6')
factor: ('lux', '57')
factor: ('temp', '27.7')
day: 17, month: 05, year: 2024, hour: 16, minute: 19
sending time
factor: ('humid', '59.7')
factor: ('lux', '57')
factor: ('temp', '27.7')
factor: ('humid', '59.8')
factor: ('lux', '57')
factor: ('temp', '27.7')
factor: ('humid', '59.8')
factor: ('lux', '57')
factor: ('temp', '27.7')
factor: ('humid', '59.8')
factor: ('lux', '58')
factor: ('temp', '27.7')
factor: ('humid', '59.8')
factor: ('lux', '58')
factor: ('temp', '27.7')
factor: ('humid', '59.8')
factor: ('lux', '58')
factor: ('temp', '27.7')
factor: ('humid', '59.8')
factor: ('lux', '58')
factor: ('temp', '27.7')
factor: ('humid', '59.7')
factor: ('lux', '57')
factor: ('temp', '27.7')
factor: ('humid', '59.8')
factor: ('lux', '58')
factor: ('temp', '27.7')
factor: ('humid', '59.7')
factor: ('lux', '58')
factor: ('temp', '27.7')
factor: ('humid', '59.7')
factor: ('lux', '58')
factor: ('temp', '27.7')
factor: ('humid', '59.8')
factor: ('lux', '57')
factor: ('temp', '27.7')
factor: ('humid', '59.7')
day: 17, month: 05, year: 2024, hour: 16, minute: 20
sending time
factor: ('lux', '58')
factor: ('temp', '27.7')
factor: ('humid', '59.7')
factor: ('lux', '58')
factor: ('temp', '27.7')
factor: ('humid', '59.8')
factor: ('lux', '58')
factor: ('temp', '27.7')
factor: ('humid', '59.8')
factor: ('lux', '58')
factor: ('temp', '27.6')
factor: ('humid', '59.7')
factor: ('lux', '58')
factor: ('temp', '27.6')
factor: ('humid', '59.7')
factor: ('lux', '58')
factor: ('temp', '27.6')
factor: ('humid', '59.7')
factor: ('lux', '58')
factor: ('temp', '27.6')
factor: ('humid', '59.7')
factor: ('lux', '58')
factor: ('temp', '27.6')
factor: ('humid', '59.6')
factor: ('lux', '57')
factor: ('temp', '27.6')
factor: ('humid', '59.7')
factor: ('lux', '57')
factor: ('temp', '27.6')
factor: ('humid', '59.6')
factor: ('lux', '58')
factor: ('temp', '27.6')
factor: ('humid', '59.6')
factor: ('lux', '58')
factor: ('temp', '27.6')
day: 17, month: 05, year: 2024, hour: 16, minute: 20
sending time
factor: ('humid', '59.6')
factor: ('lux', '58')
factor: ('temp', '27.6')
factor: ('humid', '59.6')
factor: ('lux', '58')
factor: ('temp', '27.6')
factor: ('humid', '59.6')
factor: ('lux', '58')
factor: ('temp', '27.6')
factor: ('humid', '59.5')
factor: ('lux', '58')
factor: ('temp', '27.6')
factor: ('humid', '59.4')
factor: ('lux', '58')
factor: ('temp', '27.6')
factor: ('humid', '59.3')
factor: ('lux', '57')
factor: ('temp', '27.6')
factor: ('humid', '59.2')
factor: ('lux', '58')
factor: ('temp', '27.6')
factor: ('humid', '59.2')
factor: ('lux', '57')
factor: ('temp', '27.6')
factor: ('humid', '59.4')
factor: ('lux', '58')
factor: ('temp', '27.6')
factor: ('humid', '59.5')
factor: ('lux', '58')
factor: ('temp', '27.6')
factor: ('humid', '59.7')
factor: ('lux', '57')
factor: ('temp', '27.6')
factor: ('humid', '59.7')
factor: ('lux', '57')
factor: ('temp', '27.6')
factor: ('humid', '59.5')
factor: ('lux', '57')
factor: ('temp', '27.6')
factor: ('humid', '59.5')
day: 17, month: 05, year: 2024, hour: 16, minute: 21
sending time
factor: ('lux', '57')
factor: ('temp', '27.6')
factor: ('humid', '59.4')
factor: ('lux', '57')
factor: ('temp', '27.6')
factor: ('humid', '59.4')
factor: ('lux', '57')
factor: ('temp', '27.6')
factor: ('humid', '59.4')
factor: ('lux', '57')
factor: ('temp', '27.6')
factor: ('humid', '59.4')
factor: ('lux', '57')
factor: ('temp', '27.6')
factor: ('humid', '59.4')
factor: ('lux', '57')
factor: ('temp', '27.6')
factor: ('humid', '59.4')
factor: ('lux', '57')
factor: ('temp', '27.6')
factor: ('humid', '59.4')
factor: ('lux', '57')
factor: ('temp', '27.6')
factor: ('humid', '59.4')
factor: ('lux', '57')
factor: ('temp', '27.6')
factor: ('humid', '59.5')
factor: ('lux', '57')
factor: ('temp', '27.6')
factor: ('humid', '59.5')
factor: ('lux', '57')
factor: ('temp', '27.6')
factor: ('humid', '59.5')
factor: ('lux', '57')
factor: ('temp', '27.6')
factor: ('humid', '59.5')
factor: ('lux', '57')
factor: ('temp', '27.6')
factor: ('humid', '59.5')
factor: ('lux', '57')
factor: ('temp', '27.6')
day: 17, month: 05, year: 2024, hour: 16, minute: 21
sending time
factor: ('humid', '59.5')
factor: ('lux', '57')
factor: ('temp', '27.5')
factor: ('humid', '59.6')
factor: ('lux', '57')
factor: ('temp', '27.6')
factor: ('humid', '59.6')
factor: ('lux', '57')
factor: ('temp', '27.5')
factor: ('humid', '59.6')
factor: ('lux', '57')
factor: ('temp', '27.6')
factor: ('humid', '59.6')
factor: ('lux', '57')
factor: ('temp', '27.5')
factor: ('humid', '59.6')
factor: ('lux', '57')
factor: ('temp', '27.5')
factor: ('humid', '59.6')
factor: ('lux', '57')
factor: ('temp', '27.5')
factor: ('humid', '59.6')
factor: ('lux', '57')
factor: ('temp', '27.5')
factor: ('humid', '59.6')
factor: ('lux', '57')
factor: ('temp', '27.5')
factor: ('humid', '59.7')
factor: ('lux', '57')
factor: ('temp', '27.6')
factor: ('humid', '59.6')
factor: ('lux', '57')
factor: ('temp', '27.5')
factor: ('humid', '59.7')
factor: ('lux', '57')
factor: ('temp', '27.5')
factor: ('humid', '59.6')
factor: ('lux', '57')
factor: ('temp', '27.5')
factor: ('humid', '59.6')
factor: ('lux', '57')
factor: ('temp', '27.5')
factor: ('humid', '59.6')
factor: ('lux', '57')
factor: ('temp', '27.5')
factor: ('humid', '59.6')
factor: ('lux', '58')
factor: ('temp', '27.5')
factor: ('humid', '59.7')
factor: ('lux', '57')
factor: ('temp', '27.5')
factor: ('humid', '59.6')
factor: ('lux', '55')
factor: ('temp', '27.5')
factor: ('humid', '59.6')
factor: ('lux', '53')
factor: ('temp', '27.5')
factor: ('humid', '59.8')
factor: ('lux', '54')
factor: ('temp', '27.5')
factor: ('humid', '59.7')
factor: ('lux', '54')
factor: ('temp', '27.5')
factor: ('humid', '59.7')
factor: ('lux', '53')
factor: ('temp', '27.5')
factor: ('humid', '59.7')
factor: ('lux', '53')
factor: ('temp', '27.5')
factor: ('humid', '59.7')
factor: ('lux', '53')
factor: ('temp', '27.5')
factor: ('humid', '59.7')
factor: ('lux', '53')
factor: ('temp', '27.5')
factor: ('humid', '59.7')
factor: ('lux', '53')
factor: ('temp', '27.5')
factor: ('humid', '59.5')
factor: ('lux', '53')
factor: ('temp', '27.5')
factor: ('humid', '59.5')
factor: ('lux', '53')
factor: ('temp', '27.5')
factor: ('humid', '59.3')
factor: ('lux', '53')
factor: ('temp', '27.5')
factor: ('humid', '59.3')
factor: ('lux', '53')
factor: ('temp', '27.5')
factor: ('humid', '59.3')
factor: ('lux', '53')
factor: ('temp', '27.5')
factor: ('humid', '59.2')
factor: ('lux', '53')
factor: ('temp', '27.5')
factor: ('humid', '59.2')
factor: ('lux', '54')
factor: ('temp', '27.5')
factor: ('humid', '59.1')
factor: ('lux', '54')
factor: ('temp', '27.5')
factor: ('humid', '59.1')
factor: ('lux', '54')
factor: ('temp', '27.5')
factor: ('humid', '59.2')
factor: ('lux', '53')
factor: ('temp', '27.5')
factor: ('humid', '59.2')
factor: ('lux', '53')
factor: ('temp', '27.5')
factor: ('humid', '59.3')
factor: ('lux', '53')
factor: ('temp', '27.5')
factor: ('humid', '59.3')
factor: ('lux', '53')
factor: ('temp', '27.5')
factor: ('humid', '59.3')
factor: ('lux', '53')
factor: ('temp', '27.5')
factor: ('humid', '59.2')
factor: ('lux', '53')
factor: ('temp', '27.5')
factor: ('humid', '59.1')
factor: ('lux', '54')
factor: ('temp', '27.5')
factor: ('humid', '59.1')
factor: ('lux', '53')
factor: ('temp', '27.5')
factor: ('humid', '59.0')
factor: ('lux', '51')
factor: ('temp', '27.5')
factor: ('humid', '59.7')
factor: ('lux', '52')
factor: ('temp', '27.5')
factor: ('humid', '59.8')
factor: ('lux', '54')
factor: ('temp', '27.5')
factor: ('humid', '59.4')
factor: ('lux', '54')
factor: ('temp', '27.5')
factor: ('humid', '59.2')
factor: ('lux', '54')
factor: ('temp', '27.5')
factor: ('humid', '59.1')
factor: ('lux', '54')
factor: ('temp', '27.5')
factor: ('humid', '59.1')
factor: ('lux', '54')
factor: ('temp', '27.5')
factor: ('humid', '59.1')
factor: ('lux', '53')
factor: ('temp', '27.5')
factor: ('humid', '59.1')
factor: ('lux', '53')
factor: ('temp', '27.5')
factor: ('humid', '59.2')
factor: ('lux', '53')
factor: ('temp', '27.5')
factor: ('humid', '59.3')
factor: ('lux', '53')
factor: ('temp', '27.5')
factor: ('humid', '59.3')
factor: ('lux', '53')
factor: ('temp', '27.5')
factor: ('humid', '59.3')
factor: ('lux', '54')
factor: ('temp', '27.5')
factor: ('humid', '59.2')
factor: ('lux', '54')
factor: ('temp', '27.5')
factor: ('humid', '59.1')
factor: ('lux', '53')
factor: ('temp', '27.5')
factor: ('humid', '59.1')
factor: ('lux', '53')
factor: ('temp', '27.5')
